<?xml version="1.0" encoding="UTF-8"?>
<!-- Generated by org.testng.reporters.JUnitReportReporter -->
<testsuite hostname="Mac" failures="0" tests="1" name="testCases.TC001_AccountRegistrationTest" time="1.818" errors="0" timestamp="2024-09-27T23:06:25 EDT" skipped="0">
  <testcase classname="testCases.TC001_AccountRegistrationTest" name="verify_account_registration" time="1.818"/>
</testsuite> <!-- testCases.TC001_AccountRegistrationTest -->
